<?xml version="1.0" encoding="UTF-8"?>
<!-- Generated by org.testng.reporters.JUnitXMLReporter -->
<testsuite ignored="0" hostname="FFE-Kishor-Kulkarni" failures="0" tests="3" name="Default test" time="25.059" errors="0" timestamp="2025-10-27T12:12:36 IST">
  <testcase classname="com.ninza.crm.campaigns.CreateCampaignsTest" name="createCampaignsWithMandatoryFieldsTest" time="3.32"/>
  <testcase classname="com.ninza.crm.campaigns.CreateCampaignsTest" name="createCampaignsWithStatusTest" time="2.214"/>
  <testcase classname="com.ninza.crm.campaigns.CreateCampaignsTest" name="createCampaignsWithExpectedDateTest" time="2.28"/>
</testsuite> <!-- Default test -->
