<?xml version="1.0" encoding="UTF-8"?>
<!-- Generated by org.testng.reporters.JUnitXMLReporter -->
<testsuite ignored="2" hostname="FFE-Kishor-Kulkarni" failures="0" tests="4" name="Test" time="14.102" errors="0" timestamp="2025-10-28T15:30:33 IST">
  <testcase classname="com.ninza.crm.campaigns.CreateCampaignsTest" name="createCampaignsWithMandatoryFieldsTest" time="1.723"/>
  <testcase classname="com.ninza.crm.campaigns.CreateCampaignsTest" name="createCampaignsWithStatusTest" time="1.198"/>
  <testcase classname="com.ninza.crm.campaigns.CreateCampaignsTest" name="createCampaignsWithExpectedDateTest" time="1.149"/>
  <testcase classname="com.ninza.crm.products.AddProductsTest" name="addProductsWithMandatoryFieldstest" time="1.438"/>
  <testcase classname="com.ninza.crm.generic.baseutility.BaseClass" name="@BeforeSuite configBS" time="0.0">
    <ignored/>
  </testcase> <!-- @BeforeSuite configBS -->
  <testcase classname="com.ninza.crm.generic.baseutility.BaseClass" name="@AfterSuite configAS" time="0.0">
    <ignored/>
  </testcase> <!-- @AfterSuite configAS -->
</testsuite> <!-- Test -->
