<?xml version="1.0" encoding="UTF-8"?>
<!-- Generated by org.testng.reporters.JUnitReportReporter -->
<testsuite hostname="FFE-Kishor-Kulkarni" failures="0" tests="1" name="com.ninza.crm.products.AddProductsTest" time="2.671" errors="0" timestamp="2025-10-28T15:30:34 IST" skipped="0">
  <testcase classname="com.ninza.crm.products.AddProductsTest" name="addProductsWithMandatoryFieldstest" time="2.671">
    <system-out>
      <![CDATA[Product Successfully Added]]>
    </system-out>
  </testcase> <!-- addProductsWithMandatoryFieldstest -->
  <system-out>
    <![CDATA[Before suit
Launch Browser
Login
Campaign successfully Created with Mandatory Fields
Logout
Login
Campaign successfully Created with Status
Logout
Login
Campaign successfully Created with Date
Logout
Close Browser
Launch Browser
Login
Product Successfully Added
Logout
Close Browser
After suit]]>
  </system-out>
</testsuite> <!-- com.ninza.crm.products.AddProductsTest -->
