<?xml version="1.0" encoding="UTF-8"?>
<!-- Generated by org.testng.reporters.JUnitReportReporter -->
<testsuite hostname="FFE-Kishor-Kulkarni" failures="0" tests="3" name="com.ninza.crm.campaigns.CreateCampaignsTest" time="7.727" errors="0" timestamp="2025-10-28T15:30:34 IST" skipped="0">
  <testcase classname="com.ninza.crm.campaigns.CreateCampaignsTest" name="createCampaignsWithStatusTest" time="2.150">
    <system-out>
      <![CDATA[Campaign successfully Created with Status]]>
    </system-out>
  </testcase> <!-- createCampaignsWithStatusTest -->
  <testcase classname="com.ninza.crm.campaigns.CreateCampaignsTest" name="createCampaignsWithExpectedDateTest" time="2.268">
    <system-out>
      <![CDATA[Campaign successfully Created with Date]]>
    </system-out>
  </testcase> <!-- createCampaignsWithExpectedDateTest -->
  <testcase classname="com.ninza.crm.campaigns.CreateCampaignsTest" name="createCampaignsWithMandatoryFieldsTest" time="3.309">
    <system-out>
      <![CDATA[Campaign successfully Created with Mandatory Fields]]>
    </system-out>
  </testcase> <!-- createCampaignsWithMandatoryFieldsTest -->
  <system-out>
    <![CDATA[Before suit
Launch Browser
Login
Campaign successfully Created with Mandatory Fields
Logout
Login
Campaign successfully Created with Status
Logout
Login
Campaign successfully Created with Date
Logout
Close Browser
Launch Browser
Login
Product Successfully Added
Logout
Close Browser
After suit]]>
  </system-out>
</testsuite> <!-- com.ninza.crm.campaigns.CreateCampaignsTest -->
